<?xml version="1.0" encoding="UTF-8"?>
<coverage generated="1633017053968" clover="3.2.0">
  <project timestamp="1633017053968" name="All files">
    <metrics statements="36" coveredstatements="32" conditionals="8" coveredconditionals="6" methods="10" coveredmethods="7" elements="54" coveredelements="45" complexity="0" loc="36" ncloc="36" packages="2" files="3" classes="3"/>
    <package name="scripts">
      <metrics statements="21" coveredstatements="17" conditionals="2" coveredconditionals="2" methods="7" coveredmethods="4"/>
      <file name="exercise1.js" path="/Users/emblair96/code/github-repositories/57-challenges-with-jest/scripts/exercise1.js">
        <metrics statements="13" coveredstatements="13" conditionals="2" coveredconditionals="2" methods="4" coveredmethods="4"/>
        <line num="4" count="1" type="stmt"/>
        <line num="5" count="1" type="stmt"/>
        <line num="8" count="1" type="stmt"/>
        <line num="9" count="4" type="cond" truecount="2" falsecount="0"/>
        <line num="10" count="3" type="stmt"/>
        <line num="15" count="2" type="stmt"/>
        <line num="16" count="2" type="stmt"/>
        <line num="17" count="2" type="stmt"/>
        <line num="20" count="1" type="stmt"/>
        <line num="21" count="1" type="stmt"/>
        <line num="22" count="1" type="stmt"/>
        <line num="24" count="1" type="stmt"/>
        <line num="27" count="1" type="stmt"/>
      </file>
      <file name="exercise2.mjs" path="/Users/emblair96/code/github-repositories/57-challenges-with-jest/scripts/exercise2.mjs">
        <metrics statements="8" coveredstatements="4" conditionals="0" coveredconditionals="0" methods="3" coveredmethods="0"/>
        <line num="7" count="1" type="stmt"/>
        <line num="8" count="1" type="stmt"/>
        <line num="10" count="1" type="stmt"/>
        <line num="11" count="0" type="stmt"/>
        <line num="12" count="0" type="stmt"/>
        <line num="15" count="0" type="stmt"/>
        <line num="16" count="0" type="stmt"/>
        <line num="20" count="1" type="stmt"/>
      </file>
    </package>
    <package name="utils">
      <metrics statements="15" coveredstatements="15" conditionals="6" coveredconditionals="4" methods="3" coveredmethods="3"/>
      <file name="exercise2-utils.mjs" path="/Users/emblair96/code/github-repositories/57-challenges-with-jest/utils/exercise2-utils.mjs">
        <metrics statements="15" coveredstatements="15" conditionals="6" coveredconditionals="4" methods="3" coveredmethods="3"/>
        <line num="1" count="1" type="stmt"/>
        <line num="2" count="4" type="cond" truecount="2" falsecount="0"/>
        <line num="3" count="1" type="stmt"/>
        <line num="5" count="3" type="stmt"/>
        <line num="7" count="4" type="stmt"/>
        <line num="9" count="4" type="stmt"/>
        <line num="12" count="1" type="stmt"/>
        <line num="13" count="7" type="cond" truecount="1" falsecount="1"/>
        <line num="14" count="7" type="stmt"/>
        <line num="15" count="7" type="stmt"/>
        <line num="16" count="7" type="stmt"/>
        <line num="20" count="1" type="stmt"/>
        <line num="21" count="2" type="cond" truecount="1" falsecount="1"/>
        <line num="22" count="2" type="stmt"/>
        <line num="24" count="2" type="stmt"/>
      </file>
    </package>
  </project>
</coverage>
