{"/Users/emblair96/code/github-repositories/57-challenges-with-jest/scripts/example.mjs": {"path":"/Users/emblair96/code/github-repositories/57-challenges-with-jest/scripts/example.mjs","statementMap":{"0":{"start":{"line":4,"column":25},"end":{"line":6,"column":1}}},"fnMap":{},"branchMap":{},"s":{"0":1},"f":{},"b":{},"_coverageSchema":"1a1c01bbd47fc00a2c39e90264f33305004495a9","hash":"c30654d4736ce846a06db2600116329d618bc012"}
,"/Users/emblair96/code/github-repositories/57-challenges-with-jest/scripts/exercise1.js": {"path":"/Users/emblair96/code/github-repositories/57-challenges-with-jest/scripts/exercise1.js","statementMap":{"0":{"start":{"line":4,"column":24},"end":{"line":6,"column":3}},"1":{"start":{"line":5,"column":4},"end":{"line":5,"column":47}},"2":{"start":{"line":8,"column":20},"end":{"line":11,"column":3}},"3":{"start":{"line":9,"column":4},"end":{"line":9,"column":47}},"4":{"start":{"line":14,"column":15},"end":{"line":14,"column":42}},"5":{"start":{"line":15,"column":4},"end":{"line":15,"column":27}},"6":{"start":{"line":16,"column":4},"end":{"line":16,"column":31}},"7":{"start":{"line":19,"column":2},"end":{"line":19,"column":29}},"8":{"start":{"line":20,"column":2},"end":{"line":20,"column":34}},"9":{"start":{"line":21,"column":2},"end":{"line":21,"column":26}},"10":{"start":{"line":23,"column":2},"end":{"line":23,"column":62}},"11":{"start":{"line":26,"column":0},"end":{"line":26,"column":7}}},"fnMap":{"0":{"name":"init","decl":{"start":{"line":1,"column":9},"end":{"line":1,"column":13}},"loc":{"start":{"line":1,"column":16},"end":{"line":24,"column":1}},"line":1},"1":{"name":"(anonymous_1)","decl":{"start":{"line":4,"column":24},"end":{"line":4,"column":25}},"loc":{"start":{"line":4,"column":30},"end":{"line":6,"column":3}},"line":4},"2":{"name":"(anonymous_2)","decl":{"start":{"line":8,"column":20},"end":{"line":8,"column":21}},"loc":{"start":{"line":8,"column":30},"end":{"line":11,"column":3}},"line":8},"3":{"name":"appendToPage","decl":{"start":{"line":13,"column":11},"end":{"line":13,"column":23}},"loc":{"start":{"line":13,"column":29},"end":{"line":17,"column":3}},"line":13}},"branchMap":{},"s":{"0":1,"1":1,"2":1,"3":4,"4":2,"5":2,"6":2,"7":1,"8":1,"9":1,"10":1,"11":1},"f":{"0":1,"1":1,"2":4,"3":2},"b":{},"_coverageSchema":"1a1c01bbd47fc00a2c39e90264f33305004495a9","hash":"444eb355b2728d158d42c089b80f5d819efadf5a"}
,"/Users/emblair96/code/github-repositories/57-challenges-with-jest/scripts/exercise2.mjs": {"path":"/Users/emblair96/code/github-repositories/57-challenges-with-jest/scripts/exercise2.mjs","statementMap":{"0":{"start":{"line":6,"column":12},"end":{"line":6,"column":30}},"1":{"start":{"line":7,"column":15},"end":{"line":7,"column":50}},"2":{"start":{"line":8,"column":16},"end":{"line":8,"column":52}},"3":{"start":{"line":10,"column":0},"end":{"line":18,"column":3}},"4":{"start":{"line":11,"column":2},"end":{"line":13,"column":5}},"5":{"start":{"line":12,"column":4},"end":{"line":12,"column":34}},"6":{"start":{"line":15,"column":2},"end":{"line":17,"column":5}},"7":{"start":{"line":16,"column":4},"end":{"line":16,"column":34}},"8":{"start":{"line":20,"column":0},"end":{"line":25,"column":2}}},"fnMap":{"0":{"name":"(anonymous_0)","decl":{"start":{"line":10,"column":46},"end":{"line":10,"column":47}},"loc":{"start":{"line":10,"column":58},"end":{"line":18,"column":1}},"line":10},"1":{"name":"(anonymous_1)","decl":{"start":{"line":11,"column":39},"end":{"line":11,"column":40}},"loc":{"start":{"line":11,"column":46},"end":{"line":13,"column":3}},"line":11},"2":{"name":"(anonymous_2)","decl":{"start":{"line":15,"column":37},"end":{"line":15,"column":38}},"loc":{"start":{"line":15,"column":44},"end":{"line":17,"column":3}},"line":15}},"branchMap":{},"s":{"0":1,"1":1,"2":1,"3":1,"4":0,"5":0,"6":0,"7":0,"8":1},"f":{"0":0,"1":0,"2":0},"b":{},"_coverageSchema":"1a1c01bbd47fc00a2c39e90264f33305004495a9","hash":"4a8b8fd0eb6c26806767492eb13bb63478214336"}
,"/Users/emblair96/code/github-repositories/57-challenges-with-jest/utils/utils.mjs": {"path":"/Users/emblair96/code/github-repositories/57-challenges-with-jest/utils/utils.mjs","statementMap":{"0":{"start":{"line":1,"column":18},"end":{"line":1,"column":20}},"1":{"start":{"line":3,"column":27},"end":{"line":12,"column":1}},"2":{"start":{"line":4,"column":2},"end":{"line":8,"column":3}},"3":{"start":{"line":5,"column":4},"end":{"line":5,"column":15}},"4":{"start":{"line":7,"column":4},"end":{"line":7,"column":15}},"5":{"start":{"line":9,"column":2},"end":{"line":9,"column":24}},"6":{"start":{"line":11,"column":2},"end":{"line":11,"column":18}},"7":{"start":{"line":14,"column":27},"end":{"line":20,"column":1}},"8":{"start":{"line":15,"column":2},"end":{"line":19,"column":3}},"9":{"start":{"line":16,"column":4},"end":{"line":16,"column":29}},"10":{"start":{"line":17,"column":4},"end":{"line":17,"column":35}},"11":{"start":{"line":18,"column":4},"end":{"line":18,"column":31}},"12":{"start":{"line":22,"column":27},"end":{"line":27,"column":1}},"13":{"start":{"line":23,"column":2},"end":{"line":23,"column":48}},"14":{"start":{"line":23,"column":35},"end":{"line":23,"column":48}},"15":{"start":{"line":24,"column":2},"end":{"line":24,"column":24}},"16":{"start":{"line":26,"column":2},"end":{"line":26,"column":18}}},"fnMap":{"0":{"name":"(anonymous_0)","decl":{"start":{"line":3,"column":27},"end":{"line":3,"column":28}},"loc":{"start":{"line":3,"column":44},"end":{"line":12,"column":1}},"line":3},"1":{"name":"(anonymous_1)","decl":{"start":{"line":14,"column":27},"end":{"line":14,"column":28}},"loc":{"start":{"line":14,"column":41},"end":{"line":20,"column":1}},"line":14},"2":{"name":"(anonymous_2)","decl":{"start":{"line":22,"column":27},"end":{"line":22,"column":28}},"loc":{"start":{"line":22,"column":44},"end":{"line":27,"column":1}},"line":22}},"branchMap":{"0":{"loc":{"start":{"line":4,"column":2},"end":{"line":8,"column":3}},"type":"if","locations":[{"start":{"line":4,"column":2},"end":{"line":8,"column":3}},{"start":{"line":4,"column":2},"end":{"line":8,"column":3}}],"line":4},"1":{"loc":{"start":{"line":15,"column":2},"end":{"line":19,"column":3}},"type":"if","locations":[{"start":{"line":15,"column":2},"end":{"line":19,"column":3}},{"start":{"line":15,"column":2},"end":{"line":19,"column":3}}],"line":15},"2":{"loc":{"start":{"line":23,"column":2},"end":{"line":23,"column":48}},"type":"if","locations":[{"start":{"line":23,"column":2},"end":{"line":23,"column":48}},{"start":{"line":23,"column":2},"end":{"line":23,"column":48}}],"line":23}},"s":{"0":1,"1":1,"2":1,"3":0,"4":1,"5":1,"6":1,"7":1,"8":3,"9":3,"10":3,"11":3,"12":1,"13":2,"14":0,"15":2,"16":2},"f":{"0":1,"1":3,"2":2},"b":{"0":[0,1],"1":[3,0],"2":[0,2]},"_coverageSchema":"1a1c01bbd47fc00a2c39e90264f33305004495a9","hash":"74fa1229268792fa1c0d947622666fcd225420ea"}
}
