TN:
SF:scripts/example.mjs
FNF:0
FNH:0
DA:4,1
LF:1
LH:1
BRF:0
BRH:0
end_of_record
TN:
SF:scripts/exercise1.js
FN:1,init
FN:4,(anonymous_1)
FN:8,(anonymous_2)
FN:13,appendToPage
FNF:4
FNH:4
FNDA:1,init
FNDA:1,(anonymous_1)
FNDA:4,(anonymous_2)
FNDA:2,appendToPage
DA:4,1
DA:5,1
DA:8,1
DA:9,4
DA:14,2
DA:15,2
DA:16,2
DA:19,1
DA:20,1
DA:21,1
DA:23,1
DA:26,1
LF:12
LH:12
BRF:0
BRH:0
end_of_record
TN:
SF:scripts/exercise2.mjs
FN:10,(anonymous_0)
FN:11,(anonymous_1)
FN:15,(anonymous_2)
FNF:3
FNH:0
FNDA:0,(anonymous_0)
FNDA:0,(anonymous_1)
FNDA:0,(anonymous_2)
DA:6,1
DA:7,1
DA:8,1
DA:10,1
DA:11,0
DA:12,0
DA:15,0
DA:16,0
DA:20,1
LF:9
LH:5
BRF:0
BRH:0
end_of_record
TN:
SF:utils/utils.mjs
FN:3,(anonymous_0)
FN:14,(anonymous_1)
FN:22,(anonymous_2)
FNF:3
FNH:3
FNDA:1,(anonymous_0)
FNDA:3,(anonymous_1)
FNDA:2,(anonymous_2)
DA:1,1
DA:3,1
DA:4,1
DA:5,0
DA:7,1
DA:9,1
DA:11,1
DA:14,1
DA:15,3
DA:16,3
DA:17,3
DA:18,3
DA:22,1
DA:23,2
DA:24,2
DA:26,2
LF:16
LH:15
BRDA:4,0,0,0
BRDA:4,0,1,1
BRDA:15,1,0,3
BRDA:15,1,1,0
BRDA:23,2,0,0
BRDA:23,2,1,2
BRF:6
BRH:3
end_of_record
