TN:
SF:scripts/exercise1.js
FN:1,init
FN:4,(anonymous_1)
FN:8,(anonymous_2)
FN:14,appendToPage
FNF:4
FNH:4
FNDA:1,init
FNDA:1,(anonymous_1)
FNDA:4,(anonymous_2)
FNDA:2,appendToPage
DA:4,1
DA:5,1
DA:8,1
DA:9,4
DA:10,3
DA:15,2
DA:16,2
DA:17,2
DA:20,1
DA:21,1
DA:22,1
DA:24,1
DA:27,1
LF:13
LH:13
BRDA:9,0,0,1
BRDA:9,0,1,3
BRF:2
BRH:2
end_of_record
TN:
SF:scripts/exercise2.mjs
FN:10,(anonymous_0)
FN:11,(anonymous_1)
FN:15,(anonymous_2)
FNF:3
FNH:0
FNDA:0,(anonymous_0)
FNDA:0,(anonymous_1)
FNDA:0,(anonymous_2)
DA:7,1
DA:8,1
DA:10,1
DA:11,0
DA:12,0
DA:15,0
DA:16,0
DA:20,1
LF:8
LH:4
BRF:0
BRH:0
end_of_record
TN:
SF:utils/exercise2-utils.mjs
FN:1,(anonymous_0)
FN:12,(anonymous_1)
FN:20,(anonymous_2)
FNF:3
FNH:3
FNDA:4,(anonymous_0)
FNDA:7,(anonymous_1)
FNDA:2,(anonymous_2)
DA:1,1
DA:2,4
DA:3,1
DA:5,3
DA:7,4
DA:9,4
DA:12,1
DA:13,7
DA:14,7
DA:15,7
DA:16,7
DA:20,1
DA:21,2
DA:22,2
DA:24,2
LF:15
LH:15
BRDA:2,0,0,1
BRDA:2,0,1,3
BRDA:13,1,0,7
BRDA:13,1,1,0
BRDA:21,2,0,2
BRDA:21,2,1,0
BRF:6
BRH:4
end_of_record
